2022-11-27 20:08:48,553 - FL-type - INFO - logger init finished ---- log file: /research/d1/gds/xtan22/FedBalancer/models/configs/femnist/femnist_fedbalancer_seed1.cfg.log
2022-11-27 20:08:50,756 - FL-type - INFO - read config from /research/d1/gds/xtan22/FedBalancer/models/configs/femnist/femnist_fedbalancer_seed1.cfg
2022-11-27 20:08:50,758 - FL-type - INFO - no behavior heterogeneity! assume client is availiable at any time.
2022-11-27 20:08:50,758 - FL-type - INFO - ================= Config =================
2022-11-27 20:08:50,758 - FL-type - INFO - 	config_name = /research/d1/gds/xtan22/FedBalancer/models/configs/femnist/femnist_fedbalancer_seed1.cfg
2022-11-27 20:08:50,758 - FL-type - INFO - 	dataset = femnist
2022-11-27 20:08:50,758 - FL-type - INFO - 	model = cnn
2022-11-27 20:08:50,758 - FL-type - INFO - 	num_rounds = 6000
2022-11-27 20:08:50,758 - FL-type - INFO - 	lr = 0.001
2022-11-27 20:08:50,759 - FL-type - INFO - 	eval_every = 5
2022-11-27 20:08:50,759 - FL-type - INFO - 	clients_per_round = 100
2022-11-27 20:08:50,759 - FL-type - INFO - 	min_selected = 1
2022-11-27 20:08:50,759 - FL-type - INFO - 	max_sample = 2147483647
2022-11-27 20:08:50,759 - FL-type - INFO - 	batch_size = 10
2022-11-27 20:08:50,759 - FL-type - INFO - 	seed = 1
2022-11-27 20:08:50,759 - FL-type - INFO - 	num_epochs = 5
2022-11-27 20:08:50,759 - FL-type - INFO - 	minibatch = None
2022-11-27 20:08:50,759 - FL-type - INFO - 	round_ddl = [1000, 0]
2022-11-27 20:08:50,759 - FL-type - INFO - 	update_frac = 0.01
2022-11-27 20:08:50,759 - FL-type - INFO - 	max_client_num = 9223372036854775807
2022-11-27 20:08:50,759 - FL-type - INFO - 	aggregate_algorithm = SucFedAvg
2022-11-27 20:08:50,760 - FL-type - INFO - 	time_window = [20.0, 0.0]
2022-11-27 20:08:50,760 - FL-type - INFO - 	user_trace = False
2022-11-27 20:08:50,760 - FL-type - INFO - 	behav_hete = False
2022-11-27 20:08:50,760 - FL-type - INFO - 	hard_hete = True
2022-11-27 20:08:50,760 - FL-type - INFO - 	no_training = False
2022-11-27 20:08:50,760 - FL-type - INFO - 	real_world = False
2022-11-27 20:08:50,760 - FL-type - INFO - 	compress_algo = None
2022-11-27 20:08:50,760 - FL-type - INFO - 	fedprox = False
2022-11-27 20:08:50,760 - FL-type - INFO - 	fedprox_mu = 0
2022-11-27 20:08:50,760 - FL-type - INFO - 	structure_k = None
2022-11-27 20:08:50,760 - FL-type - INFO - 	qffl = False
2022-11-27 20:08:50,760 - FL-type - INFO - 	qffl_q = 0
2022-11-27 20:08:50,760 - FL-type - INFO - 	fedbalancer = True
2022-11-27 20:08:50,761 - FL-type - INFO - 	fb_w = 20
2022-11-27 20:08:50,761 - FL-type - INFO - 	fb_p = 0.0
2022-11-27 20:08:50,761 - FL-type - INFO - 	fb_inference_pipelining = True
2022-11-27 20:08:50,761 - FL-type - INFO - 	noise_factor = 0.0
2022-11-27 20:08:50,761 - FL-type - INFO - 	fb_simple_control_lt = True
2022-11-27 20:08:50,761 - FL-type - INFO - 	fb_simple_control_ddl = True
2022-11-27 20:08:50,761 - FL-type - INFO - 	fb_simple_control_lt_stepsize = 0.05
2022-11-27 20:08:50,761 - FL-type - INFO - 	fb_simple_control_ddl_stepsize = 0.05
2022-11-27 20:08:50,761 - FL-type - INFO - 	fb_client_selection = True
2022-11-27 20:08:50,761 - FL-type - INFO - 	oort_pacer = False
2022-11-27 20:08:50,761 - FL-type - INFO - 	oort_pacer_delta = 10
2022-11-27 20:08:50,761 - FL-type - INFO - 	oort_blacklist = False
2022-11-27 20:08:50,762 - FL-type - INFO - 	oort_blacklist_rounds = 10
2022-11-27 20:08:50,762 - FL-type - INFO - 	realoort = False
2022-11-27 20:08:50,762 - FL-type - INFO - 	realoortbalancer = False
2022-11-27 20:08:50,762 - FL-type - INFO - 	ddl_baseline_smartpc = False
2022-11-27 20:08:50,762 - FL-type - INFO - 	ddl_baseline_smartpc_percentage = 0.0
2022-11-27 20:08:50,762 - FL-type - INFO - 	ddl_baseline_fixed = False
2022-11-27 20:08:50,762 - FL-type - INFO - 	ddl_baseline_fixed_value_multiplied_at_mean = 0.0
2022-11-27 20:08:50,762 - FL-type - INFO - 	global_final_time = 300000
2022-11-27 20:08:50,762 - FL-type - INFO - 	global_final_test_accuracy = 0.0
2022-11-27 20:08:50,762 - FL-type - INFO - 	output_path = ../models/configs/femnist/
2022-11-27 20:08:50,762 - FL-type - INFO - 	ss_baseline = False
2022-11-27 20:08:50,762 - FL-type - INFO - ================= ====== =================
2022-11-27 20:08:50,763 - FL-type - INFO - ############################## femnist.cnn ##############################
2022-11-27 20:08:51,854 - FL-type - INFO - model size: 26414840
2022-11-27 20:08:51,854 - FL-type - INFO - ======================Setup Clients==========================
2022-11-27 20:09:15,874 - FL-type - INFO - Train Clients in Total: 639
2022-11-27 20:09:15,874 - FL-type - INFO - Test Clients in Total: 72
2022-11-27 20:09:15,882 - FL-type - INFO - set up 10 clients
2022-11-27 20:09:15,884 - FL-type - INFO - set up 20 clients
2022-11-27 20:09:15,887 - FL-type - INFO - set up 30 clients
2022-11-27 20:09:15,889 - FL-type - INFO - set up 40 clients
2022-11-27 20:09:15,892 - FL-type - INFO - set up 50 clients
2022-11-27 20:09:15,894 - FL-type - INFO - set up 60 clients
2022-11-27 20:09:15,897 - FL-type - INFO - set up 70 clients
2022-11-27 20:09:15,899 - FL-type - INFO - set up 80 clients
2022-11-27 20:09:15,902 - FL-type - INFO - set up 90 clients
2022-11-27 20:09:15,904 - FL-type - INFO - set up 100 clients
2022-11-27 20:09:15,907 - FL-type - INFO - set up 110 clients
2022-11-27 20:09:15,909 - FL-type - INFO - set up 120 clients
2022-11-27 20:09:15,912 - FL-type - INFO - set up 130 clients
2022-11-27 20:09:15,914 - FL-type - INFO - set up 140 clients
2022-11-27 20:09:15,917 - FL-type - INFO - set up 150 clients
2022-11-27 20:09:15,919 - FL-type - INFO - set up 160 clients
2022-11-27 20:09:15,922 - FL-type - INFO - set up 170 clients
2022-11-27 20:09:15,924 - FL-type - INFO - set up 180 clients
2022-11-27 20:09:15,927 - FL-type - INFO - set up 190 clients
2022-11-27 20:09:15,929 - FL-type - INFO - set up 200 clients
2022-11-27 20:09:15,932 - FL-type - INFO - set up 210 clients
2022-11-27 20:09:15,934 - FL-type - INFO - set up 220 clients
2022-11-27 20:09:15,937 - FL-type - INFO - set up 230 clients
2022-11-27 20:09:15,939 - FL-type - INFO - set up 240 clients
2022-11-27 20:09:15,942 - FL-type - INFO - set up 250 clients
2022-11-27 20:09:15,944 - FL-type - INFO - set up 260 clients
2022-11-27 20:09:15,947 - FL-type - INFO - set up 270 clients
2022-11-27 20:09:15,949 - FL-type - INFO - set up 280 clients
2022-11-27 20:09:15,952 - FL-type - INFO - set up 290 clients
2022-11-27 20:09:15,954 - FL-type - INFO - set up 300 clients
2022-11-27 20:09:15,967 - FL-type - INFO - set up 310 clients
2022-11-27 20:09:15,970 - FL-type - INFO - set up 320 clients
2022-11-27 20:09:15,972 - FL-type - INFO - set up 330 clients
2022-11-27 20:09:15,975 - FL-type - INFO - set up 340 clients
2022-11-27 20:09:15,977 - FL-type - INFO - set up 350 clients
2022-11-27 20:09:15,980 - FL-type - INFO - set up 360 clients
2022-11-27 20:09:15,982 - FL-type - INFO - set up 370 clients
2022-11-27 20:09:15,985 - FL-type - INFO - set up 380 clients
2022-11-27 20:09:15,987 - FL-type - INFO - set up 390 clients
2022-11-27 20:09:15,990 - FL-type - INFO - set up 400 clients
2022-11-27 20:09:15,992 - FL-type - INFO - set up 410 clients
2022-11-27 20:09:15,995 - FL-type - INFO - set up 420 clients
2022-11-27 20:09:15,997 - FL-type - INFO - set up 430 clients
2022-11-27 20:09:16,000 - FL-type - INFO - set up 440 clients
2022-11-27 20:09:16,002 - FL-type - INFO - set up 450 clients
2022-11-27 20:09:16,005 - FL-type - INFO - set up 460 clients
2022-11-27 20:09:16,007 - FL-type - INFO - set up 470 clients
2022-11-27 20:09:16,010 - FL-type - INFO - set up 480 clients
2022-11-27 20:09:16,012 - FL-type - INFO - set up 490 clients
2022-11-27 20:09:16,015 - FL-type - INFO - set up 500 clients
2022-11-27 20:09:16,017 - FL-type - INFO - set up 510 clients
2022-11-27 20:09:16,020 - FL-type - INFO - set up 520 clients
2022-11-27 20:09:16,022 - FL-type - INFO - set up 530 clients
2022-11-27 20:09:16,025 - FL-type - INFO - set up 540 clients
2022-11-27 20:09:16,027 - FL-type - INFO - set up 550 clients
2022-11-27 20:09:16,030 - FL-type - INFO - set up 560 clients
2022-11-27 20:09:16,032 - FL-type - INFO - set up 570 clients
2022-11-27 20:09:16,035 - FL-type - INFO - set up 580 clients
2022-11-27 20:09:16,037 - FL-type - INFO - set up 590 clients
2022-11-27 20:09:16,040 - FL-type - INFO - set up 600 clients
2022-11-27 20:09:16,043 - FL-type - INFO - set up 610 clients
2022-11-27 20:09:16,045 - FL-type - INFO - set up 620 clients
2022-11-27 20:09:16,048 - FL-type - INFO - set up 630 clients
2022-11-27 20:09:16,068 - FL-type - INFO - Timer cached in cached_timers.json
2022-11-27 20:09:16,070 - FL-type - INFO - device setup result: defaultdict(<class 'int'>, {'Google Nexus S': 315, 'Xiaomi Redmi Note 7 Pro': 320, 'Google Pixel 4': 4})
2022-11-27 20:09:16,117 - FL-type - INFO - ===================== Random Initialization =====================
2022-11-27 20:09:16,117 - FL-type - INFO - ===================== Round 1 of 6000 =====================
2022-11-27 20:09:16,117 - FL-type - INFO - --------------------- selection stage ---------------------
2022-11-27 20:09:16,118 - FL-type - INFO - current time: 0	time window: 20.0	
2022-11-27 20:09:16,118 - FL-type - INFO - 639 of 639 clients online
2022-11-27 20:09:16,137 - FL-type - INFO - selected num: 100
2022-11-27 20:09:16,138 - FL-type - INFO - --------------------- configuration stage ---------------------
2022-11-27 20:09:16,138 - FL-type - INFO - this round deadline 153, loss_threshold 0
2022-11-27 20:09:16,138 - FL-type - INFO - this round deadline percentage 1.0, loss_threshold percentage 0.0
2022-11-27 20:09:51,999 - FL-type - INFO - average acc: 0.07929602519495409, average loss: 3.917262487804767
2022-11-27 20:09:52,000 - FL-type - INFO - configuration and update stage simulation time: 153
2022-11-27 20:09:52,000 - FL-type - INFO - current_round_loss: 0.02714181623895822
2022-11-27 20:09:52,000 - FL-type - INFO - min sample loss: 3.851923942565918, max sample loss: 4.491510391235352
2022-11-27 20:09:52,000 - FL-type - INFO - --------------------- report stage ---------------------
2022-11-27 20:09:52,000 - FL-type - INFO - 97 of 100 clients upload successfully
2022-11-27 20:09:52,000 - FL-type - INFO - round succeed, updating global model...
2022-11-27 20:09:52,000 - FL-type - INFO - Aggragate with SucFedAvg
2022-11-27 20:09:53,997 - FL-type - INFO - ===================== Round 2 of 6000 =====================
2022-11-27 20:09:53,998 - FL-type - INFO - --------------------- selection stage ---------------------
2022-11-27 20:09:53,998 - FL-type - INFO - current time: 173.0	time window: 20.0	
2022-11-27 20:09:53,998 - FL-type - INFO - 639 of 639 clients online
2022-11-27 20:09:54,030 - FL-type - INFO - epsilon 0.9
2022-11-27 20:09:54,031 - FL-type - INFO - selected num: 100
2022-11-27 20:09:54,031 - FL-type - INFO - --------------------- configuration stage ---------------------
2022-11-27 20:09:54,031 - FL-type - INFO - loss_threshold 0
2022-11-27 20:09:54,031 - FL-type - INFO - this round deadline 153, loss_threshold 0
2022-11-27 20:09:54,031 - FL-type - INFO - this round deadline percentage 1.0, loss_threshold percentage 0.0
2022-11-27 20:10:34,483 - FL-type - INFO - average acc: 0.07761784322258282, average loss: 3.6315932875931867
2022-11-27 20:10:34,483 - FL-type - INFO - configuration and update stage simulation time: 153
2022-11-27 20:10:34,483 - FL-type - INFO - current_round_loss: 0.026353432990060995
2022-11-27 20:10:34,483 - FL-type - INFO - min sample loss: 3.660604238510132, max sample loss: 4.581405162811279
2022-11-27 20:10:34,484 - FL-type - INFO - --------------------- report stage ---------------------
2022-11-27 20:10:34,484 - FL-type - INFO - 99 of 100 clients upload successfully
2022-11-27 20:10:34,484 - FL-type - INFO - round succeed, updating global model...
2022-11-27 20:10:34,484 - FL-type - INFO - Aggragate with SucFedAvg
2022-11-27 20:10:36,516 - FL-type - INFO - ===================== Round 3 of 6000 =====================
2022-11-27 20:10:36,516 - FL-type - INFO - --------------------- selection stage ---------------------
2022-11-27 20:10:36,516 - FL-type - INFO - current time: 346.0	time window: 20.0	
2022-11-27 20:10:36,517 - FL-type - INFO - 639 of 639 clients online
2022-11-27 20:10:36,549 - FL-type - INFO - epsilon 0.882
2022-11-27 20:10:36,549 - FL-type - INFO - selected num: 100
2022-11-27 20:10:36,549 - FL-type - INFO - --------------------- configuration stage ---------------------
2022-11-27 20:10:36,549 - FL-type - INFO - loss_threshold 0
2022-11-27 20:10:36,549 - FL-type - INFO - this round deadline 153, loss_threshold 0
2022-11-27 20:10:36,549 - FL-type - INFO - this round deadline percentage 1.0, loss_threshold percentage 0.0
2022-11-27 20:11:15,483 - FL-type - INFO - average acc: 0.08292487888976816, average loss: 3.4974533319473267
2022-11-27 20:11:15,483 - FL-type - INFO - configuration and update stage simulation time: 152.79718539924244
2022-11-27 20:11:15,483 - FL-type - INFO - current_round_loss: 0.024955787969247516
2022-11-27 20:11:15,483 - FL-type - INFO - min sample loss: 3.1092023849487305, max sample loss: 5.170289993286133
2022-11-27 20:11:15,483 - FL-type - INFO - --------------------- report stage ---------------------
2022-11-27 20:11:15,483 - FL-type - INFO - 100 of 100 clients upload successfully
2022-11-27 20:11:15,483 - FL-type - INFO - round succeed, updating global model...
2022-11-27 20:11:15,483 - FL-type - INFO - Aggragate with SucFedAvg
2022-11-27 20:11:17,479 - FL-type - INFO - ===================== Round 4 of 6000 =====================
2022-11-27 20:11:17,479 - FL-type - INFO - --------------------- selection stage ---------------------
2022-11-27 20:11:17,479 - FL-type - INFO - current time: 518.7971853992424	time window: 20.0	
2022-11-27 20:11:17,479 - FL-type - INFO - 639 of 639 clients online
2022-11-27 20:11:17,511 - FL-type - INFO - epsilon 0.86436
2022-11-27 20:11:17,512 - FL-type - INFO - selected num: 100
2022-11-27 20:11:17,512 - FL-type - INFO - --------------------- configuration stage ---------------------
2022-11-27 20:11:17,512 - FL-type - INFO - loss_threshold 0
2022-11-27 20:11:17,527 - FL-type - INFO - deadline_low 38, deadline_high 131, deadline 131.0
2022-11-27 20:11:17,527 - FL-type - INFO - this round deadline 131.0, loss_threshold 0
2022-11-27 20:11:17,527 - FL-type - INFO - this round deadline percentage 1.0, loss_threshold percentage 0.0
2022-11-27 20:11:55,841 - FL-type - INFO - average acc: 0.08416742200286567, average loss: 3.4665756297833994
2022-11-27 20:11:55,841 - FL-type - INFO - configuration and update stage simulation time: 131.0
2022-11-27 20:11:55,841 - FL-type - INFO - current_round_loss: 0.028534439058799602
2022-11-27 20:11:55,841 - FL-type - INFO - min sample loss: 2.74973201751709, max sample loss: 5.795363903045654
2022-11-27 20:11:55,841 - FL-type - INFO - --------------------- report stage ---------------------
2022-11-27 20:11:55,841 - FL-type - INFO - 99 of 100 clients upload successfully
2022-11-27 20:11:55,841 - FL-type - INFO - round succeed, updating global model...
2022-11-27 20:11:55,841 - FL-type - INFO - Aggragate with SucFedAvg
2022-11-27 20:11:57,867 - FL-type - INFO - ===================== Round 5 of 6000 =====================
2022-11-27 20:11:57,867 - FL-type - INFO - --------------------- selection stage ---------------------
2022-11-27 20:11:57,867 - FL-type - INFO - current time: 669.7971853992424	time window: 20.0	
2022-11-27 20:11:57,867 - FL-type - INFO - 639 of 639 clients online
2022-11-27 20:11:57,900 - FL-type - INFO - epsilon 0.8470728
2022-11-27 20:11:57,900 - FL-type - INFO - selected num: 100
2022-11-27 20:11:57,900 - FL-type - INFO - --------------------- configuration stage ---------------------
2022-11-27 20:11:57,900 - FL-type - INFO - loss_threshold 0
2022-11-27 20:11:57,925 - FL-type - INFO - deadline_low 49, deadline_high 174, deadline 174.0
2022-11-27 20:11:57,925 - FL-type - INFO - this round deadline 174.0, loss_threshold 0
2022-11-27 20:11:57,925 - FL-type - INFO - this round deadline percentage 1.0, loss_threshold percentage 0.0
2022-11-27 20:12:30,478 - FL-type - INFO - average acc: 0.0787845651140743, average loss: 3.484823723032017
2022-11-27 20:12:30,478 - FL-type - INFO - configuration and update stage simulation time: 174.0
2022-11-27 20:12:30,478 - FL-type - INFO - current_round_loss: 0.021419300165127532
2022-11-27 20:12:30,478 - FL-type - INFO - min sample loss: 2.5559139251708984, max sample loss: 5.930936813354492
2022-11-27 20:12:30,478 - FL-type - INFO - --------------------- report stage ---------------------
2022-11-27 20:12:30,478 - FL-type - INFO - 99 of 100 clients upload successfully
2022-11-27 20:12:30,478 - FL-type - INFO - round succeed, updating global model...
2022-11-27 20:12:30,478 - FL-type - INFO - Aggragate with SucFedAvg
2022-11-27 20:12:32,461 - FL-type - INFO - --------------------- test result ---------------------
2022-11-27 20:12:36,162 - FL-type - INFO - test_accuracy: 0.05825925689070793, 10th percentile: 0.03319956819675209, 50th percentile: 0.06664199690506628, 90th percentile 0.09496284062758051
2022-11-27 20:12:36,163 - FL-type - INFO - test_loss: 3.6956216150014125, 10th percentile: 3.543513298034668, 50th percentile: 3.6018998622894287, 90th percentile 3.9306932926177978
2022-11-27 20:12:36,163 - FL-type - INFO - ===================== Round 6 of 6000 =====================
2022-11-27 20:12:36,163 - FL-type - INFO - --------------------- selection stage ---------------------
2022-11-27 20:12:36,163 - FL-type - INFO - current time: 863.7971853992424	time window: 20.0	
2022-11-27 20:12:36,163 - FL-type - INFO - 639 of 639 clients online
2022-11-27 20:12:36,196 - FL-type - INFO - epsilon 0.830131344
2022-11-27 20:12:36,196 - FL-type - INFO - selected num: 100
2022-11-27 20:12:36,196 - FL-type - INFO - --------------------- configuration stage ---------------------
2022-11-27 20:12:36,196 - FL-type - INFO - loss_threshold 0
2022-11-27 20:12:36,220 - FL-type - INFO - deadline_low 49, deadline_high 172, deadline 172.0
2022-11-27 20:12:36,220 - FL-type - INFO - this round deadline 172.0, loss_threshold 0
2022-11-27 20:12:36,220 - FL-type - INFO - this round deadline percentage 1.0, loss_threshold percentage 0.0
2022-11-27 20:13:07,499 - FL-type - INFO - average acc: 0.08301418798838156, average loss: 3.4871710334161317
2022-11-27 20:13:07,499 - FL-type - INFO - configuration and update stage simulation time: 172.0
2022-11-27 20:13:07,499 - FL-type - INFO - current_round_loss: 0.021473776865355974
2022-11-27 20:13:07,499 - FL-type - INFO - min sample loss: 2.412750005722046, max sample loss: 6.046359062194824
2022-11-27 20:13:07,499 - FL-type - INFO - --------------------- report stage ---------------------
2022-11-27 20:13:07,499 - FL-type - INFO - 99 of 100 clients upload successfully
2022-11-27 20:13:07,499 - FL-type - INFO - round succeed, updating global model...
2022-11-27 20:13:07,499 - FL-type - INFO - Aggragate with SucFedAvg
2022-11-27 20:13:09,523 - FL-type - INFO - ===================== Round 7 of 6000 =====================
2022-11-27 20:13:09,524 - FL-type - INFO - --------------------- selection stage ---------------------
2022-11-27 20:13:09,524 - FL-type - INFO - current time: 1055.7971853992424	time window: 20.0	
2022-11-27 20:13:09,524 - FL-type - INFO - 639 of 639 clients online
2022-11-27 20:13:09,557 - FL-type - INFO - epsilon 0.81352871712
2022-11-27 20:13:09,557 - FL-type - INFO - selected num: 100
2022-11-27 20:13:09,557 - FL-type - INFO - --------------------- configuration stage ---------------------
2022-11-27 20:13:09,557 - FL-type - INFO - loss_threshold 0
2022-11-27 20:13:09,580 - FL-type - INFO - deadline_low 47, deadline_high 166, deadline 166.0
2022-11-27 20:13:09,580 - FL-type - INFO - this round deadline 166.0, loss_threshold 0
2022-11-27 20:13:09,580 - FL-type - INFO - this round deadline percentage 1.0, loss_threshold percentage 0.0
2022-11-27 20:13:41,098 - FL-type - INFO - average acc: 0.08286217712084216, average loss: 3.471396975517273
2022-11-27 20:13:41,098 - FL-type - INFO - configuration and update stage simulation time: 164.72878445650923
2022-11-27 20:13:41,098 - FL-type - INFO - current_round_loss: 0.022251442663559717
2022-11-27 20:13:41,098 - FL-type - INFO - min sample loss: 2.386883497238159, max sample loss: 5.940275192260742
2022-11-27 20:13:41,098 - FL-type - INFO - --------------------- report stage ---------------------
2022-11-27 20:13:41,098 - FL-type - INFO - 100 of 100 clients upload successfully
2022-11-27 20:13:41,098 - FL-type - INFO - round succeed, updating global model...
2022-11-27 20:13:41,098 - FL-type - INFO - Aggragate with SucFedAvg
2022-11-27 20:13:43,099 - FL-type - INFO - ===================== Round 8 of 6000 =====================
2022-11-27 20:13:43,100 - FL-type - INFO - --------------------- selection stage ---------------------
2022-11-27 20:13:43,100 - FL-type - INFO - current time: 1240.5259698557516	time window: 20.0	
2022-11-27 20:13:43,100 - FL-type - INFO - 639 of 639 clients online
2022-11-27 20:13:43,132 - FL-type - INFO - epsilon 0.7972581427776
2022-11-27 20:13:43,133 - FL-type - INFO - selected num: 100
2022-11-27 20:13:43,133 - FL-type - INFO - --------------------- configuration stage ---------------------
2022-11-27 20:13:43,133 - FL-type - INFO - loss_threshold 0
2022-11-27 20:13:43,155 - FL-type - INFO - deadline_low 44, deadline_high 167, deadline 167.0
2022-11-27 20:13:43,155 - FL-type - INFO - this round deadline 167.0, loss_threshold 0
2022-11-27 20:13:43,155 - FL-type - INFO - this round deadline percentage 1.0, loss_threshold percentage 0.0
2022-11-27 20:14:14,577 - FL-type - INFO - average acc: 0.08478099070410516, average loss: 3.474780629379581
2022-11-27 20:14:14,577 - FL-type - INFO - configuration and update stage simulation time: 167.0
2022-11-27 20:14:14,577 - FL-type - INFO - current_round_loss: 0.0223929868336532
2022-11-27 20:14:14,577 - FL-type - INFO - min sample loss: 2.336920976638794, max sample loss: 6.06543493270874
2022-11-27 20:14:14,578 - FL-type - INFO - --------------------- report stage ---------------------
2022-11-27 20:14:14,578 - FL-type - INFO - 99 of 100 clients upload successfully
2022-11-27 20:14:14,578 - FL-type - INFO - round succeed, updating global model...
2022-11-27 20:14:14,578 - FL-type - INFO - Aggragate with SucFedAvg
2022-11-27 20:14:16,605 - FL-type - INFO - ===================== Round 9 of 6000 =====================
2022-11-27 20:14:16,605 - FL-type - INFO - --------------------- selection stage ---------------------
2022-11-27 20:14:16,606 - FL-type - INFO - current time: 1427.5259698557516	time window: 20.0	
2022-11-27 20:14:16,606 - FL-type - INFO - 639 of 639 clients online
2022-11-27 20:14:16,639 - FL-type - INFO - selected num: 100
2022-11-27 20:14:16,639 - FL-type - INFO - --------------------- configuration stage ---------------------
2022-11-27 20:14:16,639 - FL-type - INFO - loss_threshold 0
2022-11-27 20:14:16,661 - FL-type - INFO - deadline_low 39, deadline_high 142, deadline 142.0
2022-11-27 20:14:16,661 - FL-type - INFO - this round deadline 142.0, loss_threshold 0
2022-11-27 20:14:16,661 - FL-type - INFO - this round deadline percentage 1.0, loss_threshold percentage 0.0
2022-11-27 20:14:57,068 - FL-type - INFO - average acc: 0.07403087416970452, average loss: 3.617605299365764
2022-11-27 20:14:57,068 - FL-type - INFO - configuration and update stage simulation time: 142.0
2022-11-27 20:14:57,068 - FL-type - INFO - current_round_loss: 0.026724398086190513
2022-11-27 20:14:57,068 - FL-type - INFO - min sample loss: 2.3024380207061768, max sample loss: 5.9778218269348145
2022-11-27 20:14:57,069 - FL-type - INFO - --------------------- report stage ---------------------
2022-11-27 20:14:57,069 - FL-type - INFO - 98 of 100 clients upload successfully
2022-11-27 20:14:57,069 - FL-type - INFO - round succeed, updating global model...
2022-11-27 20:14:57,069 - FL-type - INFO - Aggragate with SucFedAvg
2022-11-27 20:14:59,006 - FL-type - INFO - ===================== Round 10 of 6000 =====================
2022-11-27 20:14:59,006 - FL-type - INFO - --------------------- selection stage ---------------------
2022-11-27 20:14:59,006 - FL-type - INFO - current time: 1589.5259698557516	time window: 20.0	
2022-11-27 20:14:59,006 - FL-type - INFO - 639 of 639 clients online
2022-11-27 20:14:59,039 - FL-type - INFO - selected num: 100
2022-11-27 20:14:59,039 - FL-type - INFO - --------------------- configuration stage ---------------------
2022-11-27 20:14:59,039 - FL-type - INFO - loss_threshold 0
2022-11-27 20:14:59,061 - FL-type - INFO - deadline_low 39, deadline_high 139, deadline 139.0
2022-11-27 20:14:59,061 - FL-type - INFO - this round deadline 139.0, loss_threshold 0
2022-11-27 20:14:59,061 - FL-type - INFO - this round deadline percentage 1.0, loss_threshold percentage 0.0
2022-11-27 20:15:41,060 - FL-type - INFO - average acc: 0.07175810791894204, average loss: 3.613281960487366
2022-11-27 20:15:41,060 - FL-type - INFO - configuration and update stage simulation time: 138.22939414083453
2022-11-27 20:15:41,060 - FL-type - INFO - current_round_loss: 0.0269628407295211
2022-11-27 20:15:41,061 - FL-type - INFO - min sample loss: 2.045274257659912, max sample loss: 6.058525562286377
2022-11-27 20:15:41,061 - FL-type - INFO - --------------------- report stage ---------------------
2022-11-27 20:15:41,061 - FL-type - INFO - 100 of 100 clients upload successfully
2022-11-27 20:15:41,061 - FL-type - INFO - round succeed, updating global model...
2022-11-27 20:15:41,061 - FL-type - INFO - Aggragate with SucFedAvg
2022-11-27 20:15:43,074 - FL-type - INFO - --------------------- test result ---------------------
2022-11-27 20:15:44,599 - FL-type - INFO - test_accuracy: 0.03427767474579523, 10th percentile: 0.00546448087431694, 50th percentile: 0.006134969325153374, 90th percentile 0.06537850467289719
2022-11-27 20:15:44,600 - FL-type - INFO - test_loss: 3.767156354528853, 10th percentile: 3.65667405128479, 50th percentile: 3.789315104484558, 90th percentile 3.8889556884765626
2022-11-27 20:15:44,600 - FL-type - INFO - ===================== Round 11 of 6000 =====================
2022-11-27 20:15:44,600 - FL-type - INFO - --------------------- selection stage ---------------------
2022-11-27 20:15:44,600 - FL-type - INFO - current time: 1747.755363996586	time window: 20.0	
2022-11-27 20:15:44,601 - FL-type - INFO - 639 of 639 clients online
2022-11-27 20:15:44,633 - FL-type - INFO - selected num: 100
2022-11-27 20:15:44,633 - FL-type - INFO - --------------------- configuration stage ---------------------
2022-11-27 20:15:44,634 - FL-type - INFO - loss_threshold 0
2022-11-27 20:15:44,655 - FL-type - INFO - deadline_low 41, deadline_high 137, deadline 137.0
2022-11-27 20:15:44,655 - FL-type - INFO - this round deadline 137.0, loss_threshold 0
2022-11-27 20:15:44,655 - FL-type - INFO - this round deadline percentage 1.0, loss_threshold percentage 0.0
2022-11-27 20:16:25,980 - FL-type - INFO - average acc: 0.07478187777315463, average loss: 3.6114675035380355
2022-11-27 20:16:25,980 - FL-type - INFO - configuration and update stage simulation time: 137.0
2022-11-27 20:16:25,981 - FL-type - INFO - current_round_loss: 0.027084719122293488
2022-11-27 20:16:25,981 - FL-type - INFO - min sample loss: 1.9775512218475342, max sample loss: 6.109033584594727
2022-11-27 20:16:25,981 - FL-type - INFO - --------------------- report stage ---------------------
2022-11-27 20:16:25,981 - FL-type - INFO - 99 of 100 clients upload successfully
2022-11-27 20:16:25,981 - FL-type - INFO - round succeed, updating global model...
2022-11-27 20:16:25,981 - FL-type - INFO - Aggragate with SucFedAvg
2022-11-27 20:16:28,014 - FL-type - INFO - ===================== Round 12 of 6000 =====================
2022-11-27 20:16:28,014 - FL-type - INFO - --------------------- selection stage ---------------------
2022-11-27 20:16:28,014 - FL-type - INFO - current time: 1904.755363996586	time window: 20.0	
2022-11-27 20:16:28,015 - FL-type - INFO - 639 of 639 clients online
2022-11-27 20:16:28,047 - FL-type - INFO - selected num: 100
2022-11-27 20:16:28,047 - FL-type - INFO - --------------------- configuration stage ---------------------
2022-11-27 20:16:28,048 - FL-type - INFO - loss_threshold 0
2022-11-27 20:16:28,069 - FL-type - INFO - deadline_low 39, deadline_high 133, deadline 133.0
2022-11-27 20:16:28,069 - FL-type - INFO - this round deadline 133.0, loss_threshold 0
2022-11-27 20:16:28,069 - FL-type - INFO - this round deadline percentage 1.0, loss_threshold percentage 0.0
2022-11-27 20:17:07,651 - FL-type - INFO - average acc: 0.07127168699685098, average loss: 3.6143853543984767
2022-11-27 20:17:07,652 - FL-type - INFO - configuration and update stage simulation time: 133.0
2022-11-27 20:17:07,652 - FL-type - INFO - current_round_loss: 0.02785907295632433
2022-11-27 20:17:07,652 - FL-type - INFO - min sample loss: 1.9565064907073975, max sample loss: 6.126127243041992
2022-11-27 20:17:07,652 - FL-type - INFO - --------------------- report stage ---------------------
2022-11-27 20:17:07,652 - FL-type - INFO - 99 of 100 clients upload successfully
2022-11-27 20:17:07,652 - FL-type - INFO - round succeed, updating global model...
2022-11-27 20:17:07,652 - FL-type - INFO - Aggragate with SucFedAvg
2022-11-27 20:17:09,643 - FL-type - INFO - ===================== Round 13 of 6000 =====================
2022-11-27 20:17:09,643 - FL-type - INFO - --------------------- selection stage ---------------------
2022-11-27 20:17:09,643 - FL-type - INFO - current time: 2057.7553639965863	time window: 20.0	
2022-11-27 20:17:09,643 - FL-type - INFO - 639 of 639 clients online
2022-11-27 20:17:09,676 - FL-type - INFO - selected num: 100
2022-11-27 20:17:09,676 - FL-type - INFO - --------------------- configuration stage ---------------------
2022-11-27 20:17:09,676 - FL-type - INFO - loss_threshold 0
2022-11-27 20:17:09,698 - FL-type - INFO - deadline_low 39, deadline_high 142, deadline 142.0
2022-11-27 20:17:09,698 - FL-type - INFO - this round deadline 142.0, loss_threshold 0
2022-11-27 20:17:09,698 - FL-type - INFO - this round deadline percentage 1.0, loss_threshold percentage 0.0
2022-11-27 20:17:51,657 - FL-type - INFO - average acc: 0.07536069492114669, average loss: 3.6081353173111426
2022-11-27 20:17:51,658 - FL-type - INFO - configuration and update stage simulation time: 142.0
2022-11-27 20:17:51,658 - FL-type - INFO - current_round_loss: 0.026066725304712615
2022-11-27 20:17:51,658 - FL-type - INFO - min sample loss: 2.119389295578003, max sample loss: 6.223990440368652
2022-11-27 20:17:51,658 - FL-type - INFO - --------------------- report stage ---------------------
2022-11-27 20:17:51,658 - FL-type - INFO - 99 of 100 clients upload successfully
2022-11-27 20:17:51,658 - FL-type - INFO - round succeed, updating global model...
2022-11-27 20:17:51,658 - FL-type - INFO - Aggragate with SucFedAvg
2022-11-27 20:17:53,682 - FL-type - INFO - ===================== Round 14 of 6000 =====================
2022-11-27 20:17:53,683 - FL-type - INFO - --------------------- selection stage ---------------------
2022-11-27 20:17:53,683 - FL-type - INFO - current time: 2219.7553639965863	time window: 20.0	
2022-11-27 20:17:53,683 - FL-type - INFO - 639 of 639 clients online
2022-11-27 20:17:53,716 - FL-type - INFO - selected num: 100
2022-11-27 20:17:53,716 - FL-type - INFO - --------------------- configuration stage ---------------------
2022-11-27 20:17:53,716 - FL-type - INFO - loss_threshold 0
2022-11-27 20:17:53,738 - FL-type - INFO - deadline_low 41, deadline_high 139, deadline 139.0
2022-11-27 20:17:53,738 - FL-type - INFO - this round deadline 139.0, loss_threshold 0
2022-11-27 20:17:53,738 - FL-type - INFO - this round deadline percentage 1.0, loss_threshold percentage 0.0
2022-11-27 20:18:34,254 - FL-type - INFO - average acc: 0.0761630698036313, average loss: 3.604734394015098
2022-11-27 20:18:34,254 - FL-type - INFO - configuration and update stage simulation time: 139.0
2022-11-27 20:18:34,254 - FL-type - INFO - current_round_loss: 0.026626792539317753
2022-11-27 20:18:34,254 - FL-type - INFO - min sample loss: 2.0571508407592773, max sample loss: 6.256069183349609
2022-11-27 20:18:34,254 - FL-type - INFO - --------------------- report stage ---------------------
2022-11-27 20:18:34,254 - FL-type - INFO - 98 of 100 clients upload successfully
2022-11-27 20:18:34,254 - FL-type - INFO - round succeed, updating global model...
2022-11-27 20:18:34,254 - FL-type - INFO - Aggragate with SucFedAvg
2022-11-27 20:18:36,192 - FL-type - INFO - ===================== Round 15 of 6000 =====================
2022-11-27 20:18:36,193 - FL-type - INFO - --------------------- selection stage ---------------------
2022-11-27 20:18:36,193 - FL-type - INFO - current time: 2378.7553639965863	time window: 20.0	
2022-11-27 20:18:36,193 - FL-type - INFO - 639 of 639 clients online
2022-11-27 20:18:36,226 - FL-type - INFO - selected num: 100
2022-11-27 20:18:36,226 - FL-type - INFO - --------------------- configuration stage ---------------------
2022-11-27 20:18:36,226 - FL-type - INFO - loss_threshold 0
2022-11-27 20:18:36,248 - FL-type - INFO - deadline_low 39, deadline_high 136, deadline 136.0
2022-11-27 20:18:36,248 - FL-type - INFO - this round deadline 136.0, loss_threshold 0
2022-11-27 20:18:36,248 - FL-type - INFO - this round deadline percentage 1.0, loss_threshold percentage 0.0
