2022-11-28 01:20:10,868 - FL-type - INFO - logger init finished ---- log file: /research/d1/gds/xtan22/FedBalancer/models/configs/femnist/femnist_fedavg_1T_seed1.cfg.log
2022-11-28 01:20:14,143 - FL-type - INFO - read config from /research/d1/gds/xtan22/FedBalancer/models/configs/femnist/femnist_fedavg_1T_seed1.cfg
2022-11-28 01:20:14,144 - FL-type - INFO - no behavior heterogeneity! assume client is availiable at any time.
2022-11-28 01:20:14,145 - FL-type - INFO - ================= Config =================
2022-11-28 01:20:14,145 - FL-type - INFO - 	config_name = /research/d1/gds/xtan22/FedBalancer/models/configs/femnist/femnist_fedavg_1T_seed1.cfg
2022-11-28 01:20:14,145 - FL-type - INFO - 	dataset = femnist
2022-11-28 01:20:14,145 - FL-type - INFO - 	model = cnn
2022-11-28 01:20:14,145 - FL-type - INFO - 	num_rounds = 6000
2022-11-28 01:20:14,145 - FL-type - INFO - 	lr = 0.001
2022-11-28 01:20:14,146 - FL-type - INFO - 	eval_every = 5
2022-11-28 01:20:14,146 - FL-type - INFO - 	clients_per_round = 100
2022-11-28 01:20:14,146 - FL-type - INFO - 	min_selected = 1
2022-11-28 01:20:14,146 - FL-type - INFO - 	max_sample = 2147483647
2022-11-28 01:20:14,146 - FL-type - INFO - 	batch_size = 10
2022-11-28 01:20:14,146 - FL-type - INFO - 	seed = 1
2022-11-28 01:20:14,146 - FL-type - INFO - 	num_epochs = 5
2022-11-28 01:20:14,146 - FL-type - INFO - 	minibatch = None
2022-11-28 01:20:14,147 - FL-type - INFO - 	round_ddl = [1000, 0]
2022-11-28 01:20:14,147 - FL-type - INFO - 	update_frac = 0.01
2022-11-28 01:20:14,147 - FL-type - INFO - 	max_client_num = 9223372036854775807
2022-11-28 01:20:14,147 - FL-type - INFO - 	aggregate_algorithm = SucFedAvg
2022-11-28 01:20:14,147 - FL-type - INFO - 	time_window = [20.0, 0.0]
2022-11-28 01:20:14,147 - FL-type - INFO - 	user_trace = False
2022-11-28 01:20:14,147 - FL-type - INFO - 	behav_hete = False
2022-11-28 01:20:14,147 - FL-type - INFO - 	hard_hete = True
2022-11-28 01:20:14,148 - FL-type - INFO - 	no_training = False
2022-11-28 01:20:14,148 - FL-type - INFO - 	real_world = False
2022-11-28 01:20:14,148 - FL-type - INFO - 	compress_algo = None
2022-11-28 01:20:14,148 - FL-type - INFO - 	fedprox = False
2022-11-28 01:20:14,148 - FL-type - INFO - 	fedprox_mu = 0
2022-11-28 01:20:14,148 - FL-type - INFO - 	structure_k = None
2022-11-28 01:20:14,148 - FL-type - INFO - 	qffl = False
2022-11-28 01:20:14,148 - FL-type - INFO - 	qffl_q = 0
2022-11-28 01:20:14,149 - FL-type - INFO - 	fedbalancer = False
2022-11-28 01:20:14,149 - FL-type - INFO - 	fb_w = 1
2022-11-28 01:20:14,149 - FL-type - INFO - 	fb_p = 0.0
2022-11-28 01:20:14,149 - FL-type - INFO - 	fb_inference_pipelining = False
2022-11-28 01:20:14,149 - FL-type - INFO - 	noise_factor = 0.0
2022-11-28 01:20:14,149 - FL-type - INFO - 	fb_simple_control_lt = False
2022-11-28 01:20:14,149 - FL-type - INFO - 	fb_simple_control_ddl = False
2022-11-28 01:20:14,150 - FL-type - INFO - 	fb_simple_control_lt_stepsize = 0
2022-11-28 01:20:14,150 - FL-type - INFO - 	fb_simple_control_ddl_stepsize = 0
2022-11-28 01:20:14,150 - FL-type - INFO - 	fb_client_selection = False
2022-11-28 01:20:14,150 - FL-type - INFO - 	oort_pacer = False
2022-11-28 01:20:14,150 - FL-type - INFO - 	oort_pacer_delta = 10
2022-11-28 01:20:14,150 - FL-type - INFO - 	oort_blacklist = False
2022-11-28 01:20:14,150 - FL-type - INFO - 	oort_blacklist_rounds = 10
2022-11-28 01:20:14,150 - FL-type - INFO - 	realoort = False
2022-11-28 01:20:14,151 - FL-type - INFO - 	realoortbalancer = False
2022-11-28 01:20:14,151 - FL-type - INFO - 	ddl_baseline_smartpc = False
2022-11-28 01:20:14,151 - FL-type - INFO - 	ddl_baseline_smartpc_percentage = 0.0
2022-11-28 01:20:14,151 - FL-type - INFO - 	ddl_baseline_fixed = True
2022-11-28 01:20:14,151 - FL-type - INFO - 	ddl_baseline_fixed_value_multiplied_at_mean = 1.0
2022-11-28 01:20:14,151 - FL-type - INFO - 	global_final_time = 300000
2022-11-28 01:20:14,151 - FL-type - INFO - 	global_final_test_accuracy = 0.0
2022-11-28 01:20:14,151 - FL-type - INFO - 	output_path = ../models/configs/femnist/
2022-11-28 01:20:14,152 - FL-type - INFO - 	ss_baseline = False
2022-11-28 01:20:14,152 - FL-type - INFO - ================= ====== =================
2022-11-28 01:20:14,153 - FL-type - INFO - ############################## femnist.cnn ##############################
2022-11-28 01:20:15,161 - FL-type - INFO - model size: 26414840
2022-11-28 01:20:15,161 - FL-type - INFO - ======================Setup Clients==========================
2022-11-28 01:20:31,143 - FL-type - INFO - Train Clients in Total: 639
2022-11-28 01:20:31,143 - FL-type - INFO - Test Clients in Total: 72
2022-11-28 01:20:31,151 - FL-type - INFO - set up 10 clients
2022-11-28 01:20:31,153 - FL-type - INFO - set up 20 clients
2022-11-28 01:20:31,155 - FL-type - INFO - set up 30 clients
2022-11-28 01:20:31,158 - FL-type - INFO - set up 40 clients
2022-11-28 01:20:31,160 - FL-type - INFO - set up 50 clients
2022-11-28 01:20:31,162 - FL-type - INFO - set up 60 clients
2022-11-28 01:20:31,165 - FL-type - INFO - set up 70 clients
2022-11-28 01:20:31,167 - FL-type - INFO - set up 80 clients
2022-11-28 01:20:31,169 - FL-type - INFO - set up 90 clients
2022-11-28 01:20:31,171 - FL-type - INFO - set up 100 clients
2022-11-28 01:20:31,174 - FL-type - INFO - set up 110 clients
2022-11-28 01:20:31,197 - FL-type - INFO - set up 120 clients
2022-11-28 01:20:31,199 - FL-type - INFO - set up 130 clients
2022-11-28 01:20:31,202 - FL-type - INFO - set up 140 clients
2022-11-28 01:20:31,204 - FL-type - INFO - set up 150 clients
2022-11-28 01:20:31,206 - FL-type - INFO - set up 160 clients
2022-11-28 01:20:31,209 - FL-type - INFO - set up 170 clients
2022-11-28 01:20:31,211 - FL-type - INFO - set up 180 clients
2022-11-28 01:20:31,213 - FL-type - INFO - set up 190 clients
2022-11-28 01:20:31,216 - FL-type - INFO - set up 200 clients
2022-11-28 01:20:31,218 - FL-type - INFO - set up 210 clients
2022-11-28 01:20:31,220 - FL-type - INFO - set up 220 clients
2022-11-28 01:20:31,222 - FL-type - INFO - set up 230 clients
2022-11-28 01:20:31,225 - FL-type - INFO - set up 240 clients
2022-11-28 01:20:31,227 - FL-type - INFO - set up 250 clients
2022-11-28 01:20:31,229 - FL-type - INFO - set up 260 clients
2022-11-28 01:20:31,232 - FL-type - INFO - set up 270 clients
2022-11-28 01:20:31,234 - FL-type - INFO - set up 280 clients
2022-11-28 01:20:31,236 - FL-type - INFO - set up 290 clients
2022-11-28 01:20:31,239 - FL-type - INFO - set up 300 clients
2022-11-28 01:20:31,241 - FL-type - INFO - set up 310 clients
2022-11-28 01:20:31,243 - FL-type - INFO - set up 320 clients
2022-11-28 01:20:31,245 - FL-type - INFO - set up 330 clients
2022-11-28 01:20:31,248 - FL-type - INFO - set up 340 clients
2022-11-28 01:20:31,250 - FL-type - INFO - set up 350 clients
2022-11-28 01:20:31,253 - FL-type - INFO - set up 360 clients
2022-11-28 01:20:31,255 - FL-type - INFO - set up 370 clients
2022-11-28 01:20:31,257 - FL-type - INFO - set up 380 clients
2022-11-28 01:20:31,259 - FL-type - INFO - set up 390 clients
2022-11-28 01:20:31,262 - FL-type - INFO - set up 400 clients
2022-11-28 01:20:31,264 - FL-type - INFO - set up 410 clients
2022-11-28 01:20:31,266 - FL-type - INFO - set up 420 clients
2022-11-28 01:20:31,269 - FL-type - INFO - set up 430 clients
2022-11-28 01:20:31,271 - FL-type - INFO - set up 440 clients
2022-11-28 01:20:31,273 - FL-type - INFO - set up 450 clients
2022-11-28 01:20:31,276 - FL-type - INFO - set up 460 clients
2022-11-28 01:20:31,278 - FL-type - INFO - set up 470 clients
2022-11-28 01:20:31,280 - FL-type - INFO - set up 480 clients
2022-11-28 01:20:31,283 - FL-type - INFO - set up 490 clients
2022-11-28 01:20:31,285 - FL-type - INFO - set up 500 clients
2022-11-28 01:20:31,287 - FL-type - INFO - set up 510 clients
2022-11-28 01:20:31,290 - FL-type - INFO - set up 520 clients
2022-11-28 01:20:31,292 - FL-type - INFO - set up 530 clients
2022-11-28 01:20:31,294 - FL-type - INFO - set up 540 clients
2022-11-28 01:20:31,296 - FL-type - INFO - set up 550 clients
2022-11-28 01:20:31,299 - FL-type - INFO - set up 560 clients
2022-11-28 01:20:31,301 - FL-type - INFO - set up 570 clients
2022-11-28 01:20:31,303 - FL-type - INFO - set up 580 clients
2022-11-28 01:20:31,306 - FL-type - INFO - set up 590 clients
2022-11-28 01:20:31,308 - FL-type - INFO - set up 600 clients
2022-11-28 01:20:31,311 - FL-type - INFO - set up 610 clients
2022-11-28 01:20:31,313 - FL-type - INFO - set up 620 clients
2022-11-28 01:20:31,315 - FL-type - INFO - set up 630 clients
2022-11-28 01:20:31,334 - FL-type - INFO - Timer cached in cached_timers.json
2022-11-28 01:20:31,336 - FL-type - INFO - device setup result: defaultdict(<class 'int'>, {'Google Nexus S': 315, 'Xiaomi Redmi Note 7 Pro': 320, 'Google Pixel 4': 4})
2022-11-28 01:20:31,365 - FL-type - INFO - ===================== Random Initialization =====================
2022-11-28 01:20:31,366 - FL-type - INFO - ===================== Round 1 of 6000 =====================
2022-11-28 01:20:31,366 - FL-type - INFO - --------------------- selection stage ---------------------
2022-11-28 01:20:31,366 - FL-type - INFO - current time: 0	time window: 20.0	
2022-11-28 01:20:31,366 - FL-type - INFO - 639 of 639 clients online
2022-11-28 01:21:06,296 - FL-type - INFO - selected num: 100
2022-11-28 01:21:06,297 - FL-type - INFO - --------------------- configuration stage ---------------------
2022-11-28 01:21:06,297 - FL-type - INFO - this round deadline 141
